  BeginScene.cpp
  Coin.cpp
  Fire.cpp
  Game.cpp
  GameObject.cpp
  HUB.cpp
  Koopas.cpp
  Mario.cpp
D:\ProjectGame\MyNewMario\MyMario\MyMario\Mario.cpp(57,45): warning C4305: '=': truncation from 'double' to 'float'
D:\ProjectGame\MyNewMario\MyMario\MyMario\Mario.cpp(82,44): warning C4305: '=': truncation from 'double' to 'float'
D:\ProjectGame\MyNewMario\MyMario\MyMario\Mario.cpp(83,15): warning C4305: '-=': truncation from 'double' to 'float'
D:\ProjectGame\MyNewMario\MyMario\MyMario\Mario.cpp(103,44): warning C4305: '=': truncation from 'double' to 'float'
D:\ProjectGame\MyNewMario\MyMario\MyMario\Mario.cpp(105,15): warning C4305: '+=': truncation from 'double' to 'float'
D:\ProjectGame\MyNewMario\MyMario\MyMario\Mario.cpp(122,45): warning C4305: '=': truncation from 'double' to 'float'
  MiniMapScene.cpp
  MiniMario.cpp
D:\ProjectGame\MyNewMario\MyMario\MyMario\MiniMario.cpp(30,23): warning C4244: '=': conversion from 'int' to 'float', possible loss of data
D:\ProjectGame\MyNewMario\MyMario\MyMario\MiniMario.cpp(31,27): warning C4244: '=': conversion from 'int' to 'float', possible loss of data
  PlayScence.cpp
D:\ProjectGame\MyNewMario\MyMario\MyMario\PlayScence.cpp(65,20): warning C4018: '<': signed/unsigned mismatch
D:\ProjectGame\MyNewMario\MyMario\MyMario\PlayScence.cpp(87,20): warning C4018: '<': signed/unsigned mismatch
D:\ProjectGame\MyNewMario\MyMario\MyMario\PlayScence.cpp(152,13): warning C4244: '=': conversion from 'float' to 'int', possible loss of data
D:\ProjectGame\MyNewMario\MyMario\MyMario\PlayScence.cpp(328,20): warning C4018: '<': signed/unsigned mismatch
D:\ProjectGame\MyNewMario\MyMario\MyMario\PlayScence.cpp(337,20): warning C4018: '<': signed/unsigned mismatch
D:\ProjectGame\MyNewMario\MyMario\MyMario\PlayScence.cpp(397,36): warning C4244: '=': conversion from 'ULONGLONG' to 'int', possible loss of data
D:\ProjectGame\MyNewMario\MyMario\MyMario\PlayScence.cpp(413,41): warning C4244: '=': conversion from 'ULONGLONG' to 'int', possible loss of data
  backRound.cpp
  beginBrick.cpp
  main.cpp
  Generating Code...
  MyMario.vcxproj -> D:\ProjectGame\MyNewMario\MyMario\Debug\MyMario.exe
